<?xml version="1.0" encoding="UTF-8"?>
<!-- Generated by org.testng.reporters.JUnitReportReporter -->
<testsuite hostname="DESKTOP-7EJ77M7" failures="0" tests="3" name="cucumber.framework.runner.jcadmin.JCAdminRunner" time="51.656" errors="0" timestamp="2022-10-04T13:49:32 WIB" skipped="0">
  <testcase classname="cucumber.framework.runner.jcadmin.JCAdminRunner" name="runScenario" time="10.955"/>
  <system-out/>
  <testcase classname="cucumber.framework.runner.jcadmin.JCAdminRunner" name="runScenario" time="11.370"/>
  <system-out/>
  <testcase classname="cucumber.framework.runner.jcadmin.JCAdminRunner" name="runScenario" time="29.331"/>
  <system-out/>
</testsuite> <!-- cucumber.framework.runner.jcadmin.JCAdminRunner -->
