<?xml version="1.0" encoding="UTF-8"?>
<!-- Generated by org.testng.reporters.JUnitReportReporter -->
<testsuite hostname="DESKTOP-7EJ77M7" failures="0" tests="15" name="cucumber.framework.runner.jcadmin.JCAdminRunner" time="168.003" errors="0" timestamp="2022-09-30T11:32:57 WIB" skipped="0">
  <testcase classname="cucumber.framework.runner.jcadmin.JCAdminRunner" name="runScenario" time="8.908"/>
  <system-out/>
  <testcase classname="cucumber.framework.runner.jcadmin.JCAdminRunner" name="runScenario" time="8.728"/>
  <system-out/>
  <testcase classname="cucumber.framework.runner.jcadmin.JCAdminRunner" name="runScenario" time="10.808"/>
  <system-out/>
  <testcase classname="cucumber.framework.runner.jcadmin.JCAdminRunner" name="runScenario" time="9.020"/>
  <system-out/>
  <testcase classname="cucumber.framework.runner.jcadmin.JCAdminRunner" name="runScenario" time="9.452"/>
  <system-out/>
  <testcase classname="cucumber.framework.runner.jcadmin.JCAdminRunner" name="runScenario" time="8.670"/>
  <system-out/>
  <testcase classname="cucumber.framework.runner.jcadmin.JCAdminRunner" name="runScenario" time="21.714"/>
  <system-out/>
  <testcase classname="cucumber.framework.runner.jcadmin.JCAdminRunner" name="runScenario" time="10.766"/>
  <system-out/>
  <testcase classname="cucumber.framework.runner.jcadmin.JCAdminRunner" name="runScenario" time="10.799"/>
  <system-out/>
  <testcase classname="cucumber.framework.runner.jcadmin.JCAdminRunner" name="runScenario" time="15.473"/>
  <system-out/>
  <testcase classname="cucumber.framework.runner.jcadmin.JCAdminRunner" name="runScenario" time="9.290"/>
  <system-out/>
  <testcase classname="cucumber.framework.runner.jcadmin.JCAdminRunner" name="runScenario" time="10.429"/>
  <system-out/>
  <testcase classname="cucumber.framework.runner.jcadmin.JCAdminRunner" name="runScenario" time="8.357"/>
  <system-out/>
  <testcase classname="cucumber.framework.runner.jcadmin.JCAdminRunner" name="runScenario" time="11.205"/>
  <system-out/>
  <testcase classname="cucumber.framework.runner.jcadmin.JCAdminRunner" name="runScenario" time="14.384"/>
  <system-out/>
</testsuite> <!-- cucumber.framework.runner.jcadmin.JCAdminRunner -->
